[2023-09-20 10:37:49,981] {taskinstance.py:896} INFO - Dependencies all met for <TaskInstance: check_precision_dag.check_precision_task 2023-09-20T10:37:47.957934+00:00 [queued]>
[2023-09-20 10:37:49,995] {taskinstance.py:896} INFO - Dependencies all met for <TaskInstance: check_precision_dag.check_precision_task 2023-09-20T10:37:47.957934+00:00 [queued]>
[2023-09-20 10:37:49,996] {taskinstance.py:1087} INFO - 
--------------------------------------------------------------------------------
[2023-09-20 10:37:49,996] {taskinstance.py:1088} INFO - Starting attempt 1 of 1
[2023-09-20 10:37:49,997] {taskinstance.py:1089} INFO - 
--------------------------------------------------------------------------------
[2023-09-20 10:37:50,006] {taskinstance.py:1107} INFO - Executing <Task(PythonOperator): check_precision_task> on 2023-09-20T10:37:47.957934+00:00
[2023-09-20 10:37:50,009] {standard_task_runner.py:52} INFO - Started process 260 to run task
[2023-09-20 10:37:50,013] {standard_task_runner.py:76} INFO - Running: ['***', 'tasks', 'run', 'check_precision_dag', 'check_precision_task', '2023-09-20T10:37:47.957934+00:00', '--job-id', '19', '--pool', 'default_pool', '--raw', '--subdir', 'DAGS_FOLDER/check_precision_dag.py', '--cfg-path', '/tmp/tmp5dj5t9ei', '--error-file', '/tmp/tmp8vdsvfwu']
[2023-09-20 10:37:50,014] {standard_task_runner.py:77} INFO - Job 19: Subtask check_precision_task
[2023-09-20 10:37:50,056] {logging_mixin.py:104} INFO - Running <TaskInstance: check_precision_dag.check_precision_task 2023-09-20T10:37:47.957934+00:00 [running]> on host 8c376f5d2076
[2023-09-20 10:37:50,096] {taskinstance.py:1302} INFO - Exporting the following env vars:
AIRFLOW_CTX_DAG_OWNER=***
AIRFLOW_CTX_DAG_ID=check_precision_dag
AIRFLOW_CTX_TASK_ID=check_precision_task
AIRFLOW_CTX_EXECUTION_DATE=2023-09-20T10:37:47.957934+00:00
AIRFLOW_CTX_DAG_RUN_ID=manual__2023-09-20T10:37:47.957934+00:00
[2023-09-20 10:37:50,099] {taskinstance.py:1501} ERROR - Task failed with exception
Traceback (most recent call last):
  File "/home/airflow/.local/lib/python3.6/site-packages/mysql/connector/connection_cext.py", line 233, in _open_connection
    self._cmysql.connect(**cnx_kwargs)
_mysql_connector.MySQLInterfaceError: Can't connect to MySQL server on 'localhost' (99)

During handling of the above exception, another exception occurred:

Traceback (most recent call last):
  File "/home/airflow/.local/lib/python3.6/site-packages/airflow/models/taskinstance.py", line 1157, in _run_raw_task
    self._prepare_and_execute_task_with_callbacks(context, task)
  File "/home/airflow/.local/lib/python3.6/site-packages/airflow/models/taskinstance.py", line 1331, in _prepare_and_execute_task_with_callbacks
    result = self._execute_task(context, task_copy)
  File "/home/airflow/.local/lib/python3.6/site-packages/airflow/models/taskinstance.py", line 1361, in _execute_task
    result = task_copy.execute(context=context)
  File "/home/airflow/.local/lib/python3.6/site-packages/airflow/operators/python.py", line 150, in execute
    return_value = self.execute_callable()
  File "/home/airflow/.local/lib/python3.6/site-packages/airflow/operators/python.py", line 161, in execute_callable
    return self.python_callable(*self.op_args, **self.op_kwargs)
  File "/opt/airflow/dags/check_precision_dag.py", line 48, in get_result
    df_klines = sql_to_df(klin_conn, 'klines')
  File "/opt/airflow/dags/check_precision_dag.py", line 38, in sql_to_df
    connexion = mysql.connector.connect(**connector)
  File "/home/airflow/.local/lib/python3.6/site-packages/mysql/connector/__init__.py", line 270, in connect
    return CMySQLConnection(*args, **kwargs)
  File "/home/airflow/.local/lib/python3.6/site-packages/mysql/connector/connection_cext.py", line 86, in __init__
    self.connect(**kwargs)
  File "/home/airflow/.local/lib/python3.6/site-packages/mysql/connector/abstracts.py", line 985, in connect
    self._open_connection()
  File "/home/airflow/.local/lib/python3.6/site-packages/mysql/connector/connection_cext.py", line 236, in _open_connection
    sqlstate=exc.sqlstate)
mysql.connector.errors.DatabaseError: 2003 (HY000): Can't connect to MySQL server on 'localhost' (99)
[2023-09-20 10:37:50,105] {taskinstance.py:1551} INFO - Marking task as FAILED. dag_id=check_precision_dag, task_id=check_precision_task, execution_date=20230920T103747, start_date=20230920T103749, end_date=20230920T103750
[2023-09-20 10:37:50,145] {local_task_job.py:151} INFO - Task exited with return code 1
