[2023-09-20 10:44:29,765] {taskinstance.py:896} INFO - Dependencies all met for <TaskInstance: check_precision_dag.check_precision_task 2023-09-20T10:44:27.228120+00:00 [queued]>
[2023-09-20 10:44:29,808] {taskinstance.py:896} INFO - Dependencies all met for <TaskInstance: check_precision_dag.check_precision_task 2023-09-20T10:44:27.228120+00:00 [queued]>
[2023-09-20 10:44:29,809] {taskinstance.py:1087} INFO - 
--------------------------------------------------------------------------------
[2023-09-20 10:44:29,809] {taskinstance.py:1088} INFO - Starting attempt 1 of 1
[2023-09-20 10:44:29,809] {taskinstance.py:1089} INFO - 
--------------------------------------------------------------------------------
[2023-09-20 10:44:29,818] {taskinstance.py:1107} INFO - Executing <Task(PythonOperator): check_precision_task> on 2023-09-20T10:44:27.228120+00:00
[2023-09-20 10:44:29,822] {standard_task_runner.py:52} INFO - Started process 205 to run task
[2023-09-20 10:44:29,825] {standard_task_runner.py:76} INFO - Running: ['***', 'tasks', 'run', 'check_precision_dag', 'check_precision_task', '2023-09-20T10:44:27.228120+00:00', '--job-id', '23', '--pool', 'default_pool', '--raw', '--subdir', 'DAGS_FOLDER/check_precision_dag.py', '--cfg-path', '/tmp/tmpynb4nhq9', '--error-file', '/tmp/tmp650dddjp']
[2023-09-20 10:44:29,826] {standard_task_runner.py:77} INFO - Job 23: Subtask check_precision_task
[2023-09-20 10:44:29,862] {logging_mixin.py:104} INFO - Running <TaskInstance: check_precision_dag.check_precision_task 2023-09-20T10:44:27.228120+00:00 [running]> on host 862754b0e2cc
[2023-09-20 10:44:29,912] {taskinstance.py:1302} INFO - Exporting the following env vars:
AIRFLOW_CTX_DAG_OWNER=***
AIRFLOW_CTX_DAG_ID=check_precision_dag
AIRFLOW_CTX_TASK_ID=check_precision_task
AIRFLOW_CTX_EXECUTION_DATE=2023-09-20T10:44:27.228120+00:00
AIRFLOW_CTX_DAG_RUN_ID=manual__2023-09-20T10:44:27.228120+00:00
[2023-09-20 10:44:30,064] {logging_mixin.py:104} INFO - erreur moyenne calculee : 15.22%
[2023-09-20 10:44:30,065] {python.py:151} INFO - Done. Returned value was: None
[2023-09-20 10:44:30,075] {taskinstance.py:1211} INFO - Marking task as SUCCESS. dag_id=check_precision_dag, task_id=check_precision_task, execution_date=20230920T104427, start_date=20230920T104429, end_date=20230920T104430
[2023-09-20 10:44:30,097] {taskinstance.py:1265} INFO - 0 downstream tasks scheduled from follow-on schedule check
[2023-09-20 10:44:30,117] {local_task_job.py:151} INFO - Task exited with return code 0
