[2023-09-20 10:52:01,095] {taskinstance.py:896} INFO - Dependencies all met for <TaskInstance: check_precision_dag.check_precision_task 2023-09-20T10:51:58.228351+00:00 [queued]>
[2023-09-20 10:52:01,110] {taskinstance.py:896} INFO - Dependencies all met for <TaskInstance: check_precision_dag.check_precision_task 2023-09-20T10:51:58.228351+00:00 [queued]>
[2023-09-20 10:52:01,110] {taskinstance.py:1087} INFO - 
--------------------------------------------------------------------------------
[2023-09-20 10:52:01,110] {taskinstance.py:1088} INFO - Starting attempt 1 of 1
[2023-09-20 10:52:01,111] {taskinstance.py:1089} INFO - 
--------------------------------------------------------------------------------
[2023-09-20 10:52:01,121] {taskinstance.py:1107} INFO - Executing <Task(PythonOperator): check_precision_task> on 2023-09-20T10:51:58.228351+00:00
[2023-09-20 10:52:01,124] {standard_task_runner.py:52} INFO - Started process 164 to run task
[2023-09-20 10:52:01,127] {standard_task_runner.py:76} INFO - Running: ['***', 'tasks', 'run', 'check_precision_dag', 'check_precision_task', '2023-09-20T10:51:58.228351+00:00', '--job-id', '25', '--pool', 'default_pool', '--raw', '--subdir', 'DAGS_FOLDER/check_precision_dag.py', '--cfg-path', '/tmp/tmpg1pwa87r', '--error-file', '/tmp/tmpct0h5lnp']
[2023-09-20 10:52:01,128] {standard_task_runner.py:77} INFO - Job 25: Subtask check_precision_task
[2023-09-20 10:52:01,168] {logging_mixin.py:104} INFO - Running <TaskInstance: check_precision_dag.check_precision_task 2023-09-20T10:51:58.228351+00:00 [running]> on host 60d557f579d2
[2023-09-20 10:52:01,214] {taskinstance.py:1302} INFO - Exporting the following env vars:
AIRFLOW_CTX_DAG_OWNER=***
AIRFLOW_CTX_DAG_ID=check_precision_dag
AIRFLOW_CTX_TASK_ID=check_precision_task
AIRFLOW_CTX_EXECUTION_DATE=2023-09-20T10:51:58.228351+00:00
AIRFLOW_CTX_DAG_RUN_ID=manual__2023-09-20T10:51:58.228351+00:00
[2023-09-20 10:52:01,396] {logging_mixin.py:104} INFO - erreur moyenne calculee : 15.21%
[2023-09-20 10:52:01,397] {python.py:151} INFO - Done. Returned value was: None
[2023-09-20 10:52:01,408] {taskinstance.py:1211} INFO - Marking task as SUCCESS. dag_id=check_precision_dag, task_id=check_precision_task, execution_date=20230920T105158, start_date=20230920T105201, end_date=20230920T105201
[2023-09-20 10:52:01,437] {taskinstance.py:1265} INFO - 0 downstream tasks scheduled from follow-on schedule check
[2023-09-20 10:52:01,459] {local_task_job.py:151} INFO - Task exited with return code 0
