[2023-09-20 16:04:47,614] {taskinstance.py:896} INFO - Dependencies all met for <TaskInstance: check_precision_dag.check_precision_task 2023-09-20T16:04:46.609079+00:00 [queued]>
[2023-09-20 16:04:47,635] {taskinstance.py:896} INFO - Dependencies all met for <TaskInstance: check_precision_dag.check_precision_task 2023-09-20T16:04:46.609079+00:00 [queued]>
[2023-09-20 16:04:47,635] {taskinstance.py:1087} INFO - 
--------------------------------------------------------------------------------
[2023-09-20 16:04:47,636] {taskinstance.py:1088} INFO - Starting attempt 1 of 1
[2023-09-20 16:04:47,636] {taskinstance.py:1089} INFO - 
--------------------------------------------------------------------------------
[2023-09-20 16:04:47,651] {taskinstance.py:1107} INFO - Executing <Task(PythonOperator): check_precision_task> on 2023-09-20T16:04:46.609079+00:00
[2023-09-20 16:04:47,656] {standard_task_runner.py:52} INFO - Started process 28805 to run task
[2023-09-20 16:04:47,659] {standard_task_runner.py:76} INFO - Running: ['***', 'tasks', 'run', 'check_precision_dag', 'check_precision_task', '2023-09-20T16:04:46.609079+00:00', '--job-id', '35', '--pool', 'default_pool', '--raw', '--subdir', 'DAGS_FOLDER/check_precision_dag.py', '--cfg-path', '/tmp/tmp0jtcd6o0', '--error-file', '/tmp/tmp0dhpltvj']
[2023-09-20 16:04:47,659] {standard_task_runner.py:77} INFO - Job 35: Subtask check_precision_task
[2023-09-20 16:04:47,706] {logging_mixin.py:104} INFO - Running <TaskInstance: check_precision_dag.check_precision_task 2023-09-20T16:04:46.609079+00:00 [running]> on host f0aa70fa8e73
[2023-09-20 16:04:47,766] {taskinstance.py:1302} INFO - Exporting the following env vars:
AIRFLOW_CTX_DAG_OWNER=***
AIRFLOW_CTX_DAG_ID=check_precision_dag
AIRFLOW_CTX_TASK_ID=check_precision_task
AIRFLOW_CTX_EXECUTION_DATE=2023-09-20T16:04:46.609079+00:00
AIRFLOW_CTX_DAG_RUN_ID=manual__2023-09-20T16:04:46.609079+00:00
[2023-09-20 16:04:47,930] {logging_mixin.py:104} INFO - erreur moyenne calculee : 16.27%
[2023-09-20 16:04:47,931] {python.py:151} INFO - Done. Returned value was: None
[2023-09-20 16:04:47,941] {taskinstance.py:1211} INFO - Marking task as SUCCESS. dag_id=check_precision_dag, task_id=check_precision_task, execution_date=20230920T160446, start_date=20230920T160447, end_date=20230920T160447
[2023-09-20 16:04:47,967] {taskinstance.py:1265} INFO - 0 downstream tasks scheduled from follow-on schedule check
[2023-09-20 16:04:47,991] {local_task_job.py:151} INFO - Task exited with return code 0
