[2023-09-20 11:22:57,674] {taskinstance.py:896} INFO - Dependencies all met for <TaskInstance: check_precision_dag.check_precision_task 2023-09-20T11:22:55.347125+00:00 [queued]>
[2023-09-20 11:22:57,684] {taskinstance.py:896} INFO - Dependencies all met for <TaskInstance: check_precision_dag.check_precision_task 2023-09-20T11:22:55.347125+00:00 [queued]>
[2023-09-20 11:22:57,684] {taskinstance.py:1087} INFO - 
--------------------------------------------------------------------------------
[2023-09-20 11:22:57,684] {taskinstance.py:1088} INFO - Starting attempt 1 of 1
[2023-09-20 11:22:57,685] {taskinstance.py:1089} INFO - 
--------------------------------------------------------------------------------
[2023-09-20 11:22:57,698] {taskinstance.py:1107} INFO - Executing <Task(PythonOperator): check_precision_task> on 2023-09-20T11:22:55.347125+00:00
[2023-09-20 11:22:57,701] {standard_task_runner.py:52} INFO - Started process 240 to run task
[2023-09-20 11:22:57,705] {standard_task_runner.py:76} INFO - Running: ['***', 'tasks', 'run', 'check_precision_dag', 'check_precision_task', '2023-09-20T11:22:55.347125+00:00', '--job-id', '33', '--pool', 'default_pool', '--raw', '--subdir', 'DAGS_FOLDER/check_precision_dag.py', '--cfg-path', '/tmp/tmp978xw_x1', '--error-file', '/tmp/tmpn0kxy3pu']
[2023-09-20 11:22:57,706] {standard_task_runner.py:77} INFO - Job 33: Subtask check_precision_task
[2023-09-20 11:22:57,744] {logging_mixin.py:104} INFO - Running <TaskInstance: check_precision_dag.check_precision_task 2023-09-20T11:22:55.347125+00:00 [running]> on host f0aa70fa8e73
[2023-09-20 11:22:57,790] {taskinstance.py:1302} INFO - Exporting the following env vars:
AIRFLOW_CTX_DAG_OWNER=***
AIRFLOW_CTX_DAG_ID=check_precision_dag
AIRFLOW_CTX_TASK_ID=check_precision_task
AIRFLOW_CTX_EXECUTION_DATE=2023-09-20T11:22:55.347125+00:00
AIRFLOW_CTX_DAG_RUN_ID=manual__2023-09-20T11:22:55.347125+00:00
[2023-09-20 11:22:57,945] {logging_mixin.py:104} INFO - erreur moyenne calculee : 15.17%
[2023-09-20 11:22:57,945] {python.py:151} INFO - Done. Returned value was: None
[2023-09-20 11:22:57,955] {taskinstance.py:1211} INFO - Marking task as SUCCESS. dag_id=check_precision_dag, task_id=check_precision_task, execution_date=20230920T112255, start_date=20230920T112257, end_date=20230920T112257
[2023-09-20 11:22:57,981] {taskinstance.py:1265} INFO - 0 downstream tasks scheduled from follow-on schedule check
[2023-09-20 11:22:57,997] {local_task_job.py:151} INFO - Task exited with return code 0
