[2023-09-20 09:00:43,406] {taskinstance.py:896} INFO - Dependencies all met for <TaskInstance: hello_world.print_hello_task 2023-09-20T09:00:42.284022+00:00 [queued]>
[2023-09-20 09:00:43,420] {taskinstance.py:896} INFO - Dependencies all met for <TaskInstance: hello_world.print_hello_task 2023-09-20T09:00:42.284022+00:00 [queued]>
[2023-09-20 09:00:43,421] {taskinstance.py:1087} INFO - 
--------------------------------------------------------------------------------
[2023-09-20 09:00:43,421] {taskinstance.py:1088} INFO - Starting attempt 1 of 1
[2023-09-20 09:00:43,422] {taskinstance.py:1089} INFO - 
--------------------------------------------------------------------------------
[2023-09-20 09:00:43,431] {taskinstance.py:1107} INFO - Executing <Task(PythonOperator): print_hello_task> on 2023-09-20T09:00:42.284022+00:00
[2023-09-20 09:00:43,435] {standard_task_runner.py:52} INFO - Started process 196 to run task
[2023-09-20 09:00:43,438] {standard_task_runner.py:76} INFO - Running: ['***', 'tasks', 'run', 'hello_world', 'print_hello_task', '2023-09-20T09:00:42.284022+00:00', '--job-id', '17', '--pool', 'default_pool', '--raw', '--subdir', 'DAGS_FOLDER/hello_world_dag.py', '--cfg-path', '/tmp/tmpew4xvqmo', '--error-file', '/tmp/tmpz9yvplpl']
[2023-09-20 09:00:43,439] {standard_task_runner.py:77} INFO - Job 17: Subtask print_hello_task
[2023-09-20 09:00:43,478] {logging_mixin.py:104} INFO - Running <TaskInstance: hello_world.print_hello_task 2023-09-20T09:00:42.284022+00:00 [running]> on host e8fd6bacb99e
[2023-09-20 09:00:43,519] {taskinstance.py:1302} INFO - Exporting the following env vars:
AIRFLOW_CTX_DAG_OWNER=***
AIRFLOW_CTX_DAG_ID=hello_world
AIRFLOW_CTX_TASK_ID=print_hello_task
AIRFLOW_CTX_EXECUTION_DATE=2023-09-20T09:00:42.284022+00:00
AIRFLOW_CTX_DAG_RUN_ID=manual__2023-09-20T09:00:42.284022+00:00
[2023-09-20 09:00:43,520] {logging_mixin.py:104} INFO - Hello from Airflow
[2023-09-20 09:00:43,520] {python.py:151} INFO - Done. Returned value was: None
[2023-09-20 09:00:43,531] {taskinstance.py:1211} INFO - Marking task as SUCCESS. dag_id=hello_world, task_id=print_hello_task, execution_date=20230920T090042, start_date=20230920T090043, end_date=20230920T090043
[2023-09-20 09:00:43,554] {taskinstance.py:1265} INFO - 0 downstream tasks scheduled from follow-on schedule check
[2023-09-20 09:00:43,573] {local_task_job.py:151} INFO - Task exited with return code 0
